{
  "uid" : "522934403b8be653",
  "name" : "test_retry1",
  "fullName" : "pytest-practice.test_retry#test_retry1",
  "historyId" : "8e1db51fdbc74d2078a8be4525da9fa1",
  "time" : {
    "start" : 1606637685452,
    "stop" : 1606637685452,
    "duration" : 0
  },
  "status" : "failed",
  "statusMessage" : "AssertionError: assert 6 == 2",
  "statusTrace" : "@pytest.mark.flaky(reruns=5,reruns_delay=2)\n    def test_retry1():\n        n = random.randint(0, 9)\n        print(f\"\\n 输出随机数： {n} \")\n>       assert n == 2\nE       assert 6 == 2\n\npytest-practice\\test_retry.py:16: AssertionError",
  "flaky" : false,
  "newFailed" : false,
  "beforeStages" : [ {
    "name" : "login",
    "time" : {
      "start" : 1606637675070,
      "stop" : 1606637675070,
      "duration" : 0
    },
    "status" : "passed",
    "steps" : [ ],
    "attachments" : [ ],
    "parameters" : [ ],
    "stepsCount" : 0,
    "hasContent" : false,
    "shouldDisplayMessage" : false,
    "attachmentsCount" : 0
  }, {
    "name" : "get_userinfo",
    "time" : {
      "start" : 1606637685451,
      "stop" : 1606637685451,
      "duration" : 0
    },
    "status" : "passed",
    "steps" : [ ],
    "attachments" : [ ],
    "parameters" : [ ],
    "stepsCount" : 0,
    "hasContent" : false,
    "shouldDisplayMessage" : false,
    "attachmentsCount" : 0
  } ],
  "testStage" : {
    "status" : "failed",
    "statusMessage" : "AssertionError: assert 6 == 2",
    "statusTrace" : "@pytest.mark.flaky(reruns=5,reruns_delay=2)\n    def test_retry1():\n        n = random.randint(0, 9)\n        print(f\"\\n 输出随机数： {n} \")\n>       assert n == 2\nE       assert 6 == 2\n\npytest-practice\\test_retry.py:16: AssertionError",
    "steps" : [ ],
    "attachments" : [ {
      "uid" : "eef96b64f60d9a3e",
      "name" : "stdout",
      "source" : "eef96b64f60d9a3e.txt",
      "type" : "text/plain",
      "size" : 924
    } ],
    "parameters" : [ ],
    "stepsCount" : 0,
    "hasContent" : true,
    "shouldDisplayMessage" : true,
    "attachmentsCount" : 1
  },
  "afterStages" : [ {
    "name" : "login::0",
    "time" : {
      "start" : 1606637685461,
      "stop" : 1606637685461,
      "duration" : 0
    },
    "status" : "passed",
    "steps" : [ ],
    "attachments" : [ ],
    "parameters" : [ ],
    "stepsCount" : 0,
    "hasContent" : false,
    "shouldDisplayMessage" : false,
    "attachmentsCount" : 0
  } ],
  "labels" : [ {
    "name" : "tag",
    "value" : "flaky(reruns=5, reruns_delay=2)"
  }, {
    "name" : "parentSuite",
    "value" : "pytest-practice"
  }, {
    "name" : "suite",
    "value" : "test_retry"
  }, {
    "name" : "host",
    "value" : "DESKTOP-6C60QCJ"
  }, {
    "name" : "thread",
    "value" : "2312-MainThread"
  }, {
    "name" : "framework",
    "value" : "pytest"
  }, {
    "name" : "language",
    "value" : "cpython3"
  }, {
    "name" : "package",
    "value" : "pytest-practice.test_retry"
  }, {
    "name" : "resultFormat",
    "value" : "allure2"
  } ],
  "parameters" : [ ],
  "links" : [ ],
  "hidden" : false,
  "retry" : false,
  "extra" : {
    "severity" : "normal",
    "retries" : [ {
      "uid" : "6d10bdb80f082145",
      "status" : "failed",
      "statusDetails" : "AssertionError: assert 1 == 2",
      "time" : {
        "start" : 1606637683446,
        "stop" : 1606637683446,
        "duration" : 0
      }
    }, {
      "uid" : "54b456a57d42e4f8",
      "status" : "failed",
      "statusDetails" : "AssertionError: assert 4 == 2",
      "time" : {
        "start" : 1606637681437,
        "stop" : 1606637681437,
        "duration" : 0
      }
    }, {
      "uid" : "c8b4c2c2d2aa655e",
      "status" : "failed",
      "statusDetails" : "AssertionError: assert 5 == 2",
      "time" : {
        "start" : 1606637679431,
        "stop" : 1606637679432,
        "duration" : 1
      }
    }, {
      "uid" : "246f138a647e3908",
      "status" : "failed",
      "statusDetails" : "AssertionError: assert 5 == 2",
      "time" : {
        "start" : 1606637677424,
        "stop" : 1606637677424,
        "duration" : 0
      }
    }, {
      "uid" : "fd517c4827b4fc03",
      "status" : "failed",
      "statusDetails" : "AssertionError: assert 7 == 2",
      "time" : {
        "start" : 1606637675405,
        "stop" : 1606637675405,
        "duration" : 0
      }
    } ],
    "categories" : [ {
      "name" : "Product defects",
      "matchedStatuses" : [ ],
      "flaky" : false
    } ],
    "tags" : [ "flaky(reruns=5, reruns_delay=2)" ]
  },
  "source" : "522934403b8be653.json",
  "parameterValues" : [ ]
}